# JRE version: Java(TM) SE Runtime Environment (8.0_40-b26) (build 1.8.0_40-b26)
# Java VM: Java HotSpot(TM) 64-Bit Server VM (25.40-b25 mixed mode windows-amd64 compressed oops)
Heap:
 PSYoungGen      total 82944K, used 14966K [0x00000000d5d00000, 0x00000000faa00000, 0x0000000100000000)
  eden space 82432K, 18% used [0x00000000d5d00000,0x00000000d6b7daa0,0x00000000dad80000)
  from space 512K, 25% used [0x00000000fa980000,0x00000000fa9a0000,0x00000000faa00000)
  to   space 512K, 0% used [0x00000000fa900000,0x00000000fa900000,0x00000000fa980000)
 ParOldGen       total 87552K, used 18672K [0x0000000081600000, 0x0000000086b80000, 0x00000000d5d00000)
  object space 87552K, 21% used [0x0000000081600000,0x000000008283c090,0x0000000086b80000)
 Metaspace       used 2895K, capacity 4664K, committed 4864K, reserved 1056768K
  class space    used 299K, capacity 424K, committed 512K, reserved 1048576K
GC Heap History (10 events):
Event: 22.499 GC heap before
{Heap before GC invocations=184 (full 0):
 PSYoungGen      total 62464K, used 62048K [0x00000000d5d00000, 0x00000000faa00000, 0x0000000100000000)
  eden space 61952K, 100% used [0x00000000d5d00000,0x00000000d9980000,0x00000000d9980000)
  from space 512K, 18% used [0x00000000fa900000,0x00000000fa918000,0x00000000fa980000)
  to   space 512K, 0% used [0x00000000fa980000,0x00000000fa980000,0x00000000faa00000)
 ParOldGen       total 87552K, used 18584K [0x0000000081600000, 0x0000000086b80000, 0x00000000d5d00000)
  object space 87552K, 21% used [0x0000000081600000,0x0000000082826090,0x0000000086b80000)
 Metaspace       used 2894K, capacity 4664K, committed 4864K, reserved 1056768K
  class space    used 299K, capacity 424K, committed 512K, reserved 1048576K
Event: 22.499 GC heap after
Heap after GC invocations=184 (full 0):
 PSYoungGen      total 60928K, used 96K [0x00000000d5d00000, 0x00000000faa00000, 0x0000000100000000)
  eden space 60416K, 0% used [0x00000000d5d00000,0x00000000d5d00000,0x00000000d9800000)
  from space 512K, 18% used [0x00000000fa980000,0x00000000fa998000,0x00000000faa00000)
  to   space 512K, 0% used [0x00000000fa900000,0x00000000fa900000,0x00000000fa980000)
 ParOldGen       total 87552K, used 18600K [0x0000000081600000, 0x0000000086b80000, 0x00000000d5d00000)
  object space 87552K, 21% used [0x0000000081600000,0x000000008282a090,0x0000000086b80000)
 Metaspace       used 2894K, capacity 4664K, committed 4864K, reserved 1056768K
  class space    used 299K, capacity 424K, committed 512K, reserved 1048576K
}
Event: 22.536 GC heap before
{Heap before GC invocations=185 (full 0):
 PSYoungGen      total 60928K, used 60512K [0x00000000d5d00000, 0x00000000faa00000, 0x0000000100000000)
  eden space 60416K, 100% used [0x00000000d5d00000,0x00000000d9800000,0x00000000d9800000)
  from space 512K, 18% used [0x00000000fa980000,0x00000000fa998000,0x00000000faa00000)
  to   space 512K, 0% used [0x00000000fa900000,0x00000000fa900000,0x00000000fa980000)
 ParOldGen       total 87552K, used 18600K [0x0000000081600000, 0x0000000086b80000, 0x00000000d5d00000)
  object space 87552K, 21% used [0x0000000081600000,0x000000008282a090,0x0000000086b80000)
 Metaspace       used 2894K, capacity 4664K, committed 4864K, reserved 1056768K
  class space    used 299K, capacity 424K, committed 512K, reserved 1048576K
Event: 22.537 GC heap after
Heap after GC invocations=185 (full 0):
 PSYoungGen      total 59392K, used 96K [0x00000000d5d00000, 0x00000000faa00000, 0x0000000100000000)
  eden space 58880K, 0% used [0x00000000d5d00000,0x00000000d5d00000,0x00000000d9680000)
  from space 512K, 18% used [0x00000000fa900000,0x00000000fa918000,0x00000000fa980000)
  to   space 512K, 0% used [0x00000000fa980000,0x00000000fa980000,0x00000000faa00000)
 ParOldGen       total 87552K, used 18616K [0x0000000081600000, 0x0000000086b80000, 0x00000000d5d00000)
  object space 87552K, 21% used [0x0000000081600000,0x000000008282e090,0x0000000086b80000)
 Metaspace       used 2894K, capacity 4664K, committed 4864K, reserved 1056768K
  class space    used 299K, capacity 424K, committed 512K, reserved 1048576K
}
Event: 22.570 GC heap before
{Heap before GC invocations=186 (full 0):
 PSYoungGen      total 59392K, used 58976K [0x00000000d5d00000, 0x00000000faa00000, 0x0000000100000000)
  eden space 58880K, 100% used [0x00000000d5d00000,0x00000000d9680000,0x00000000d9680000)
  from space 512K, 18% used [0x00000000fa900000,0x00000000fa918000,0x00000000fa980000)
  to   space 512K, 0% used [0x00000000fa980000,0x00000000fa980000,0x00000000faa00000)
 ParOldGen       total 87552K, used 18616K [0x0000000081600000, 0x0000000086b80000, 0x00000000d5d00000)
  object space 87552K, 21% used [0x0000000081600000,0x000000008282e090,0x0000000086b80000)
 Metaspace       used 2894K, capacity 4664K, committed 4864K, reserved 1056768K
  class space    used 299K, capacity 424K, committed 512K, reserved 1048576K
Event: 22.571 GC heap after
Heap after GC invocations=186 (full 0):
 PSYoungGen      total 71168K, used 96K [0x00000000d5d00000, 0x00000000faa00000, 0x0000000100000000)
  eden space 70656K, 0% used [0x00000000d5d00000,0x00000000d5d00000,0x00000000da200000)
  from space 512K, 18% used [0x00000000fa980000,0x00000000fa998000,0x00000000faa00000)
  to   space 512K, 0% used [0x00000000fa900000,0x00000000fa900000,0x00000000fa980000)
 ParOldGen       total 87552K, used 18632K [0x0000000081600000, 0x0000000086b80000, 0x00000000d5d00000)
  object space 87552K, 21% used [0x0000000081600000,0x0000000082832090,0x0000000086b80000)
 Metaspace       used 2894K, capacity 4664K, committed 4864K, reserved 1056768K
  class space    used 299K, capacity 424K, committed 512K, reserved 1048576K
}
Event: 22.611 GC heap before
{Heap before GC invocations=187 (full 0):
 PSYoungGen      total 71168K, used 70752K [0x00000000d5d00000, 0x00000000faa00000, 0x0000000100000000)
  eden space 70656K, 100% used [0x00000000d5d00000,0x00000000da200000,0x00000000da200000)
  from space 512K, 18% used [0x00000000fa980000,0x00000000fa998000,0x00000000faa00000)
  to   space 512K, 0% used [0x00000000fa900000,0x00000000fa900000,0x00000000fa980000)
 ParOldGen       total 87552K, used 18632K [0x0000000081600000, 0x0000000086b80000, 0x00000000d5d00000)
  object space 87552K, 21% used [0x0000000081600000,0x0000000082832090,0x0000000086b80000)
 Metaspace       used 2894K, capacity 4664K, committed 4864K, reserved 1056768K
  class space    used 299K, capacity 424K, committed 512K, reserved 1048576K
Event: 22.612 GC heap after
Heap after GC invocations=187 (full 0):
 PSYoungGen      total 85504K, used 128K [0x00000000d5d00000, 0x00000000faa00000, 0x0000000100000000)
  eden space 84992K, 0% used [0x00000000d5d00000,0x00000000d5d00000,0x00000000db000000)
  from space 512K, 25% used [0x00000000fa900000,0x00000000fa920000,0x00000000fa980000)
  to   space 512K, 0% used [0x00000000fa980000,0x00000000fa980000,0x00000000faa00000)
 ParOldGen       total 87552K, used 18648K [0x0000000081600000, 0x0000000086b80000, 0x00000000d5d00000)
  object space 87552K, 21% used [0x0000000081600000,0x0000000082836090,0x0000000086b80000)
 Metaspace       used 2894K, capacity 4664K, committed 4864K, reserved 1056768K
  class space    used 299K, capacity 424K, committed 512K, reserved 1048576K
}
Event: 22.676 GC heap before
{Heap before GC invocations=188 (full 0):
 PSYoungGen      total 85504K, used 85120K [0x00000000d5d00000, 0x00000000faa00000, 0x0000000100000000)
  eden space 84992K, 100% used [0x00000000d5d00000,0x00000000db000000,0x00000000db000000)
  from space 512K, 25% used [0x00000000fa900000,0x00000000fa920000,0x00000000fa980000)
  to   space 512K, 0% used [0x00000000fa980000,0x00000000fa980000,0x00000000faa00000)
 ParOldGen       total 87552K, used 18648K [0x0000000081600000, 0x0000000086b80000, 0x00000000d5d00000)
  object space 87552K, 21% used [0x0000000081600000,0x0000000082836090,0x0000000086b80000)
 Metaspace       used 2895K, capacity 4664K, committed 4864K, reserved 1056768K
  class space    used 299K, capacity 424K, committed 512K, reserved 1048576K
Event: 22.677 GC heap after
Heap after GC invocations=188 (full 0):
 PSYoungGen      total 82944K, used 128K [0x00000000d5d00000, 0x00000000faa00000, 0x0000000100000000)
  eden space 82432K, 0% used [0x00000000d5d00000,0x00000000d5d00000,0x00000000dad80000)
  from space 512K, 25% used [0x00000000fa980000,0x00000000fa9a0000,0x00000000faa00000)
  to   space 512K, 0% used [0x00000000fa900000,0x00000000fa900000,0x00000000fa980000)
 ParOldGen       total 87552K, used 18672K [0x0000000081600000, 0x0000000086b80000, 0x00000000d5d00000)
  object space 87552K, 21% used [0x0000000081600000,0x000000008283c090,0x0000000086b80000)
 Metaspace       used 2895K, capacity 4664K, committed 4864K, reserved 1056768K
  class space    used 299K, capacity 424K, committed 512K, reserved 1048576K
}

